<?xml version="1.0" encoding="UTF-8"?>
<testng-results skipped="0" failed="0" ignored="1" total="2" passed="1">
  <reporter-output>
  </reporter-output>
  <suite name="Default suite" duration-ms="25" started-at="2018-10-12T04:31:02Z" finished-at="2018-10-12T04:31:02Z">
    <groups>
    </groups>
    <test name="Default test" duration-ms="25" started-at="2018-10-12T04:31:02Z" finished-at="2018-10-12T04:31:02Z">
      <class name="array_examples.Odd_Count_Element">
        <test-method status="PASS" signature="test2()[pri:0, instance:array_examples.Odd_Count_Element@643b1d11]" name="test2" duration-ms="7" started-at="2018-10-12T04:31:02Z" finished-at="2018-10-12T04:31:02Z">
          <reporter-output>
          </reporter-output>
        </test-method> <!-- test2 -->
      </class> <!-- array_examples.Odd_Count_Element -->
    </test> <!-- Default test -->
  </suite> <!-- Default suite -->
</testng-results>
