<?xml version="1.0" encoding="UTF-8"?>
<!-- Generated by org.testng.reporters.JUnitXMLReporter -->
<testsuite hostname="TH1716" ignored="1" name="Test" tests="2" failures="0" timestamp="04 Oct 2018 07:04:42 GMT" time="0.036" errors="0">
  <testcase name="test1" time="0.009" classname="testng_examples.Regular_Expression_Xml"/>
  <testcase name="test2" time="0.003" classname="testng_examples.Regular_Expression_Xml"/>
  <testcase name="teaa" time="0.0" classname="testng_examples.Regular_Expression_Xml">
    <ignored/>
  </testcase> <!-- teaa -->
</testsuite> <!-- Test -->
